Started by user admin
[Pipeline] Start of Pipeline
[Pipeline] node
Running on Jenkins in /var/jenkins_home/workspace/calculadora
[Pipeline] {
[Pipeline] withEnv
[Pipeline] {
[Pipeline] timeout
Timeout set to expire in 30 min
[Pipeline] {
[Pipeline] timestamps
[Pipeline] {
[Pipeline] stage
[Pipeline] { (ğŸ” Checkout)
[Pipeline] script
[Pipeline] {
[Pipeline] echo
[2025-10-24T10:04:04.809Z] â•â•â•â•â•â•â•â•â•â•â•â•â•â•â•â•â•â•â•â•â•â•â•â•â•â•â•â•â•â•â•â•â•â•â•â•â•â•â•â•â•â•â•â•â•â•â•â•â•â•â•â•â•â•â•â•
[Pipeline] echo
[2025-10-24T10:04:04.814Z] â•‘  DESCARGANDO CÃ“DIGO DEL REPOSITORIO
[Pipeline] echo
[2025-10-24T10:04:04.819Z] â•â•â•â•â•â•â•â•â•â•â•â•â•â•â•â•â•â•â•â•â•â•â•â•â•â•â•â•â•â•â•â•â•â•â•â•â•â•â•â•â•â•â•â•â•â•â•â•â•â•â•â•â•â•â•â•
[Pipeline] }
[Pipeline] // script
[Pipeline] checkout
[2025-10-24T10:04:04.857Z] The recommended git tool is: NONE
[2025-10-24T10:04:04.857Z] No credentials specified
[2025-10-24T10:04:04.858Z]  > git rev-parse --resolve-git-dir /var/jenkins_home/workspace/calculadora/.git # timeout=10
[2025-10-24T10:04:04.864Z] Fetching changes from the remote Git repository
[2025-10-24T10:04:04.867Z]  > git config remote.origin.url https://github.com/marcribas95/actividad3-jenkinsfile.git # timeout=10
[2025-10-24T10:04:04.875Z] Fetching upstream changes from https://github.com/marcribas95/actividad3-jenkinsfile.git
[2025-10-24T10:04:04.875Z]  > git --version # timeout=10
[2025-10-24T10:04:04.884Z]  > git --version # 'git version 2.47.3'
[2025-10-24T10:04:04.884Z]  > git fetch --tags --force --progress -- https://github.com/marcribas95/actividad3-jenkinsfile.git +refs/heads/*:refs/remotes/origin/* # timeout=10
[2025-10-24T10:04:08.174Z]  > git rev-parse refs/remotes/origin/main^{commit} # timeout=10
[2025-10-24T10:04:08.183Z] Checking out Revision 9b61d4349c69a2e8eebf877e30090700bec4d997 (refs/remotes/origin/main)
[2025-10-24T10:04:08.183Z]  > git config core.sparsecheckout # timeout=10
[2025-10-24T10:04:08.190Z]  > git checkout -f 9b61d4349c69a2e8eebf877e30090700bec4d997 # timeout=10
[2025-10-24T10:04:08.222Z] Commit message: "Fix: Make test-e2e fail when Cypress tests fail (detect failures from XML report)"
[2025-10-24T10:04:08.222Z] First time build. Skipping changelog.
[Pipeline] script
[Pipeline] {
[Pipeline] echo
[2025-10-24T10:04:08.240Z] âœ“ CÃ³digo descargado exitosamente
[Pipeline] echo
[2025-10-24T10:04:08.247Z] âœ“ Branch: main
[Pipeline] echo
[2025-10-24T10:04:08.257Z] âœ“ Workspace: /var/jenkins_home/workspace/calculadora
[Pipeline] }
[Pipeline] // script
[Pipeline] }
[Pipeline] // stage
[Pipeline] stage
[Pipeline] { (ğŸ”§ Setup)
[Pipeline] script
[Pipeline] {
[Pipeline] echo
[2025-10-24T10:04:08.370Z] â•â•â•â•â•â•â•â•â•â•â•â•â•â•â•â•â•â•â•â•â•â•â•â•â•â•â•â•â•â•â•â•â•â•â•â•â•â•â•â•â•â•â•â•â•â•â•â•â•â•â•â•â•â•â•â•
[Pipeline] echo
[2025-10-24T10:04:08.375Z] â•‘  CONFIGURANDO ENTORNO
[Pipeline] echo
[2025-10-24T10:04:08.381Z] â•â•â•â•â•â•â•â•â•â•â•â•â•â•â•â•â•â•â•â•â•â•â•â•â•â•â•â•â•â•â•â•â•â•â•â•â•â•â•â•â•â•â•â•â•â•â•â•â•â•â•â•â•â•â•â•
[Pipeline] }
[Pipeline] // script
[Pipeline] sh
[2025-10-24T10:04:08.673Z] + make setup
[2025-10-24T10:04:08.673Z] [0;34mâ†’[0m Configurando directorios...
[2025-10-24T10:04:08.673Z] [0;32mâœ“[0m Directorio de reportes creado
[2025-10-24T10:04:08.673Z] [0;34mâ†’[0m Construyendo imÃ¡genes Docker...
[2025-10-24T10:04:08.673Z] time="2025-10-24T10:04:08Z" level=warning msg="/var/jenkins_home/workspace/calculadora/docker-compose.yml: the attribute `version` is obsolete, it will be ignored, please remove it to avoid potential confusion"
[2025-10-24T10:04:08.673Z] #1 [internal] load local bake definitions
[2025-10-24T10:04:08.924Z] #1 reading from stdin 1.01kB done
[2025-10-24T10:04:08.924Z] #1 DONE 0.0s
[2025-10-24T10:04:08.924Z] 
[2025-10-24T10:04:08.924Z] #2 [calc-api internal] load build definition from Dockerfile
[2025-10-24T10:04:08.924Z] #2 transferring dockerfile: 673B done
[2025-10-24T10:04:08.924Z] #2 DONE 0.0s
[2025-10-24T10:04:08.924Z] 
[2025-10-24T10:04:08.924Z] #3 [calc-web internal] load build definition from Dockerfile
[2025-10-24T10:04:08.924Z] #3 transferring dockerfile: 278B done
[2025-10-24T10:04:08.924Z] #3 DONE 0.0s
[2025-10-24T10:04:08.924Z] 
[2025-10-24T10:04:08.924Z] #4 [calc-api internal] load metadata for docker.io/library/python:3.6-slim
[2025-10-24T10:04:09.175Z] #4 ...
[2025-10-24T10:04:09.175Z] 
[2025-10-24T10:04:09.175Z] #5 [calc-web internal] load metadata for docker.io/library/nginx:alpine
[2025-10-24T10:04:09.175Z] #5 DONE 0.0s
[2025-10-24T10:04:09.175Z] 
[2025-10-24T10:04:09.175Z] #6 [calc-web internal] load .dockerignore
[2025-10-24T10:04:09.175Z] #6 transferring context: 2B done
[2025-10-24T10:04:09.175Z] #6 DONE 0.0s
[2025-10-24T10:04:09.175Z] 
[2025-10-24T10:04:09.175Z] #7 [calc-web 1/3] FROM docker.io/library/nginx:alpine
[2025-10-24T10:04:09.175Z] #7 DONE 0.0s
[2025-10-24T10:04:09.175Z] 
[2025-10-24T10:04:09.175Z] #8 [calc-web internal] load build context
[2025-10-24T10:04:09.175Z] #8 transferring context: 7.63kB done
[2025-10-24T10:04:09.175Z] #8 DONE 0.0s
[2025-10-24T10:04:09.175Z] 
[2025-10-24T10:04:09.175Z] #9 [calc-web 2/3] COPY index.html /usr/share/nginx/html/index.html
[2025-10-24T10:04:09.175Z] #9 CACHED
[2025-10-24T10:04:09.175Z] 
[2025-10-24T10:04:09.175Z] #10 [calc-web 3/3] COPY nginx.conf /etc/nginx/conf.d/default.conf
[2025-10-24T10:04:09.175Z] #10 CACHED
[2025-10-24T10:04:09.175Z] 
[2025-10-24T10:04:09.175Z] #11 [calc-web] exporting to image
[2025-10-24T10:04:09.175Z] #11 exporting layers done
[2025-10-24T10:04:09.175Z] #11 writing image sha256:ca65640944e9d246e4cf7a60d29d10498a932baaa4f8291988520e14cc07d08d done
[2025-10-24T10:04:09.175Z] #11 naming to docker.io/library/calculadora-calc-web done
[2025-10-24T10:04:09.175Z] #11 DONE 0.0s
[2025-10-24T10:04:09.175Z] 
[2025-10-24T10:04:09.175Z] #12 [calc-web] resolving provenance for metadata file
[2025-10-24T10:04:09.175Z] #12 DONE 0.0s
[2025-10-24T10:04:09.175Z] 
[2025-10-24T10:04:09.175Z] #4 [calc-api internal] load metadata for docker.io/library/python:3.6-slim
[2025-10-24T10:04:10.519Z] #4 DONE 1.8s
[2025-10-24T10:04:10.770Z] 
[2025-10-24T10:04:10.770Z] #13 [calc-api internal] load .dockerignore
[2025-10-24T10:04:10.770Z] #13 transferring context: 2B done
[2025-10-24T10:04:10.770Z] #13 DONE 0.0s
[2025-10-24T10:04:10.770Z] 
[2025-10-24T10:04:10.770Z] #14 [calc-api 1/8] FROM docker.io/library/python:3.6-slim@sha256:2cfebc27956e6a55f78606864d91fe527696f9e32a724e6f9702b5f9602d0474
[2025-10-24T10:04:10.770Z] #14 DONE 0.0s
[2025-10-24T10:04:10.770Z] 
[2025-10-24T10:04:10.770Z] #15 [calc-api internal] load build context
[2025-10-24T10:04:10.770Z] #15 transferring context: 1.09MB 0.0s done
[2025-10-24T10:04:10.770Z] #15 DONE 0.0s
[2025-10-24T10:04:10.770Z] 
[2025-10-24T10:04:10.770Z] #16 [calc-api 6/8] COPY app/ /app/app/
[2025-10-24T10:04:10.770Z] #16 CACHED
[2025-10-24T10:04:10.770Z] 
[2025-10-24T10:04:10.770Z] #17 [calc-api 2/8] RUN apt-get update && apt-get install -y     gcc     && rm -rf /var/lib/apt/lists/*
[2025-10-24T10:04:10.770Z] #17 CACHED
[2025-10-24T10:04:10.770Z] 
[2025-10-24T10:04:10.770Z] #18 [calc-api 3/8] WORKDIR /app
[2025-10-24T10:04:10.770Z] #18 CACHED
[2025-10-24T10:04:10.770Z] 
[2025-10-24T10:04:10.770Z] #19 [calc-api 5/8] RUN pip install --no-cache-dir -r requirements.txt
[2025-10-24T10:04:10.770Z] #19 CACHED
[2025-10-24T10:04:10.770Z] 
[2025-10-24T10:04:10.770Z] #20 [calc-api 7/8] COPY tests/ /app/tests/
[2025-10-24T10:04:10.770Z] #20 CACHED
[2025-10-24T10:04:10.770Z] 
[2025-10-24T10:04:10.770Z] #21 [calc-api 4/8] COPY requirements.txt .
[2025-10-24T10:04:10.770Z] #21 CACHED
[2025-10-24T10:04:10.770Z] 
[2025-10-24T10:04:10.770Z] #22 [calc-api 8/8] RUN mkdir -p /app/tests-reports
[2025-10-24T10:04:10.770Z] #22 CACHED
[2025-10-24T10:04:10.770Z] 
[2025-10-24T10:04:10.770Z] #23 [calc-api] exporting to image
[2025-10-24T10:04:10.770Z] #23 exporting layers done
[2025-10-24T10:04:10.770Z] #23 writing image sha256:cf79918f2062c0edad19ebc8649681b684f9aab89f920cd5e4866531786e91f8 done
[2025-10-24T10:04:10.770Z] #23 naming to docker.io/library/calculadora-calc-api done
[2025-10-24T10:04:10.770Z] #23 DONE 0.0s
[2025-10-24T10:04:10.770Z] 
[2025-10-24T10:04:10.770Z] #24 [calc-api] resolving provenance for metadata file
[2025-10-24T10:04:10.770Z] #24 DONE 0.0s
[2025-10-24T10:04:10.770Z]  calculadora-calc-api  Built
[2025-10-24T10:04:10.770Z]  calculadora-calc-web  Built
[2025-10-24T10:04:10.770Z] [0;32mâœ“[0m ImÃ¡genes construidas exitosamente
[2025-10-24T10:04:10.770Z] [0;34mâ†’[0m Configurando entorno completo...
[2025-10-24T10:04:10.770Z] [0;32mâœ“[0m Entorno configurado exitosamente
[Pipeline] script
[Pipeline] {
[Pipeline] echo
[2025-10-24T10:04:10.814Z] âœ“ Entorno configurado correctamente
[Pipeline] }
[Pipeline] // script
[Pipeline] }
[Pipeline] // stage
[Pipeline] stage
[Pipeline] { (ğŸ§ª Test Unitarios)
[Pipeline] script
[Pipeline] {
[Pipeline] echo
[2025-10-24T10:04:10.878Z] â•â•â•â•â•â•â•â•â•â•â•â•â•â•â•â•â•â•â•â•â•â•â•â•â•â•â•â•â•â•â•â•â•â•â•â•â•â•â•â•â•â•â•â•â•â•â•â•â•â•â•â•â•â•â•â•
[Pipeline] echo
[2025-10-24T10:04:10.882Z] â•‘  EJECUTANDO PRUEBAS UNITARIAS
[Pipeline] echo
[2025-10-24T10:04:10.887Z] â•â•â•â•â•â•â•â•â•â•â•â•â•â•â•â•â•â•â•â•â•â•â•â•â•â•â•â•â•â•â•â•â•â•â•â•â•â•â•â•â•â•â•â•â•â•â•â•â•â•â•â•â•â•â•â•
[Pipeline] }
[Pipeline] // script
[Pipeline] sh
[2025-10-24T10:04:11.163Z] + make test-unit
[2025-10-24T10:04:11.163Z] [0;34mâ†’[0m Configurando directorios...
[2025-10-24T10:04:11.163Z] [0;32mâœ“[0m Directorio de reportes creado
[2025-10-24T10:04:11.163Z] 
[2025-10-24T10:04:11.163Z] [0;34mâ•”â•â•â•â•â•â•â•â•â•â•â•â•â•â•â•â•â•â•â•â•â•â•â•â•â•â•â•â•â•â•â•â•â•â•â•â•â•â•â•â•â•â•â•â•â•â•â•â•â•â•â•â•â•â•â•â•â•â•â•â•â•—[0m
[2025-10-24T10:04:11.163Z] [0;34mâ•‘[0m EJECUTANDO PRUEBAS UNITARIAS
[2025-10-24T10:04:11.163Z] [0;34mâ•šâ•â•â•â•â•â•â•â•â•â•â•â•â•â•â•â•â•â•â•â•â•â•â•â•â•â•â•â•â•â•â•â•â•â•â•â•â•â•â•â•â•â•â•â•â•â•â•â•â•â•â•â•â•â•â•â•â•â•â•â•â•[0m
[2025-10-24T10:04:11.163Z] 
[2025-10-24T10:04:11.163Z] [1;33mâ†’[0m Ejecutando pruebas unitarias de calc_test.py y util_test.py...
[2025-10-24T10:04:11.163Z] time="2025-10-24T10:04:11Z" level=warning msg="/var/jenkins_home/workspace/calculadora/docker-compose.yml: the attribute `version` is obsolete, it will be ignored, please remove it to avoid potential confusion"
[2025-10-24T10:04:11.163Z]  Network calculadora_calc  Creating
[2025-10-24T10:04:11.163Z]  Network calculadora_calc  Created
[2025-10-24T10:04:11.714Z] ============================= test session starts ==============================
[2025-10-24T10:04:11.714Z] platform linux -- Python 3.6.15, pytest-6.2.5, py-1.11.0, pluggy-1.0.0 -- /usr/local/bin/python
[2025-10-24T10:04:11.714Z] cachedir: .pytest_cache
[2025-10-24T10:04:11.714Z] rootdir: /app
[2025-10-24T10:04:11.714Z] collecting ... collected 18 items
[2025-10-24T10:04:11.714Z] 
[2025-10-24T10:04:11.714Z] tests/unit/calc_test.py::TestCalculate::test_add_method_fails_with_nan_parameter PASSED [  5%]
[2025-10-24T10:04:11.714Z] tests/unit/calc_test.py::TestCalculate::test_add_method_returns_correct_result PASSED [ 11%]
[2025-10-24T10:04:11.714Z] tests/unit/calc_test.py::TestCalculate::test_divide_method_fails_with_division_by_zero PASSED [ 16%]
[2025-10-24T10:04:11.714Z] tests/unit/calc_test.py::TestCalculate::test_divide_method_fails_with_nan_parameter PASSED [ 22%]
[2025-10-24T10:04:11.714Z] tests/unit/calc_test.py::TestCalculate::test_divide_method_returns_correct_result PASSED [ 27%]
[2025-10-24T10:04:11.714Z] tests/unit/calc_test.py::TestCalculate::test_log10_method_fails_with_nan_parameter PASSED [ 33%]
[2025-10-24T10:04:11.714Z] tests/unit/calc_test.py::TestCalculate::test_log10_method_fails_with_non_positive_number PASSED [ 38%]
[2025-10-24T10:04:11.714Z] tests/unit/calc_test.py::TestCalculate::test_log10_method_returns_correct_result PASSED [ 44%]
[2025-10-24T10:04:11.714Z] tests/unit/calc_test.py::TestCalculate::test_multiply_method_returns_correct_result PASSED [ 50%]
[2025-10-24T10:04:11.714Z] tests/unit/calc_test.py::TestCalculate::test_power_method_fails_with_nan_parameter PASSED [ 55%]
[2025-10-24T10:04:11.714Z] tests/unit/calc_test.py::TestCalculate::test_power_method_returns_correct_result PASSED [ 61%]
[2025-10-24T10:04:11.714Z] tests/unit/calc_test.py::TestCalculate::test_sqrt_method_fails_with_nan_parameter PASSED [ 66%]
[2025-10-24T10:04:11.714Z] tests/unit/calc_test.py::TestCalculate::test_sqrt_method_fails_with_negative_number PASSED [ 72%]
[2025-10-24T10:04:11.714Z] tests/unit/calc_test.py::TestCalculate::test_sqrt_method_returns_correct_result PASSED [ 77%]
[2025-10-24T10:04:11.714Z] tests/unit/calc_test.py::TestCalculate::test_substract_method_fails_with_nan_parameter PASSED [ 83%]
[2025-10-24T10:04:11.714Z] tests/unit/calc_test.py::TestCalculate::test_substract_method_returns_correct_result PASSED [ 88%]
[2025-10-24T10:04:11.714Z] tests/unit/util_test.py::TestUtil::test_convert_to_number_correct_param PASSED [ 94%]
[2025-10-24T10:04:11.714Z] tests/unit/util_test.py::TestUtil::test_convert_to_number_invalid_type PASSED [100%]
[2025-10-24T10:04:11.714Z] 
[2025-10-24T10:04:11.714Z] =============================== warnings summary ===============================
[2025-10-24T10:04:11.714Z] tests/unit/calc_test.py:12
[2025-10-24T10:04:11.714Z]   /app/tests/unit/calc_test.py:12: PytestUnknownMarkWarning: Unknown pytest.mark.unit - is this a typo?  You can register custom marks to avoid this warning - for details, see https://docs.pytest.org/en/stable/mark.html
[2025-10-24T10:04:11.714Z]     @pytest.mark.unit
[2025-10-24T10:04:11.714Z] 
[2025-10-24T10:04:11.714Z] tests/unit/util_test.py:7
[2025-10-24T10:04:11.715Z]   /app/tests/unit/util_test.py:7: PytestUnknownMarkWarning: Unknown pytest.mark.unit - is this a typo?  You can register custom marks to avoid this warning - for details, see https://docs.pytest.org/en/stable/mark.html
[2025-10-24T10:04:11.715Z]     @pytest.mark.unit
[2025-10-24T10:04:11.715Z] 
[2025-10-24T10:04:11.715Z] -- Docs: https://docs.pytest.org/en/stable/warnings.html
[2025-10-24T10:04:11.715Z] - generated xml file: /app/tests-reports/test-results-unit-20251024_100410.xml -
[2025-10-24T10:04:11.715Z] ======================== 18 passed, 2 warnings in 0.07s ========================
[2025-10-24T10:04:11.965Z] [0;31mâœ—[0m Error al generar reporte
[Pipeline] script
[Pipeline] {
[Pipeline] echo
[2025-10-24T10:04:12.001Z] âœ“ Pruebas unitarias completadas
[Pipeline] }
[Pipeline] // script
Post stage
[Pipeline] junit
[2025-10-24T10:04:12.025Z] Recording test results
[Pipeline] }
[Pipeline] // stage
[Pipeline] stage
[Pipeline] { (ğŸŒ Test API)
[Pipeline] script
[Pipeline] {
[Pipeline] echo
[2025-10-24T10:04:12.079Z] â•â•â•â•â•â•â•â•â•â•â•â•â•â•â•â•â•â•â•â•â•â•â•â•â•â•â•â•â•â•â•â•â•â•â•â•â•â•â•â•â•â•â•â•â•â•â•â•â•â•â•â•â•â•â•â•
[Pipeline] echo
[2025-10-24T10:04:12.083Z] â•‘  EJECUTANDO PRUEBAS DE API
[Pipeline] echo
[2025-10-24T10:04:12.087Z] â•â•â•â•â•â•â•â•â•â•â•â•â•â•â•â•â•â•â•â•â•â•â•â•â•â•â•â•â•â•â•â•â•â•â•â•â•â•â•â•â•â•â•â•â•â•â•â•â•â•â•â•â•â•â•â•
[Pipeline] }
[Pipeline] // script
[Pipeline] sh
[2025-10-24T10:04:12.359Z] + make test-api
[2025-10-24T10:04:12.359Z] [0;34mâ†’[0m Configurando directorios...
[2025-10-24T10:04:12.359Z] [0;32mâœ“[0m Directorio de reportes creado
[2025-10-24T10:04:12.359Z] 
[2025-10-24T10:04:12.359Z] [0;34mâ•”â•â•â•â•â•â•â•â•â•â•â•â•â•â•â•â•â•â•â•â•â•â•â•â•â•â•â•â•â•â•â•â•â•â•â•â•â•â•â•â•â•â•â•â•â•â•â•â•â•â•â•â•â•â•â•â•â•â•â•â•â•—[0m
[2025-10-24T10:04:12.359Z] [0;34mâ•‘[0m EJECUTANDO PRUEBAS DE API
[2025-10-24T10:04:12.359Z] [0;34mâ•šâ•â•â•â•â•â•â•â•â•â•â•â•â•â•â•â•â•â•â•â•â•â•â•â•â•â•â•â•â•â•â•â•â•â•â•â•â•â•â•â•â•â•â•â•â•â•â•â•â•â•â•â•â•â•â•â•â•â•â•â•â•[0m
[2025-10-24T10:04:12.359Z] 
[2025-10-24T10:04:12.359Z] [1;33mâ†’[0m Ejecutando pruebas de API...
[2025-10-24T10:04:12.359Z] time="2025-10-24T10:04:12Z" level=warning msg="/var/jenkins_home/workspace/calculadora/docker-compose.yml: the attribute `version` is obsolete, it will be ignored, please remove it to avoid potential confusion"
[2025-10-24T10:04:12.610Z] ============================= test session starts ==============================
[2025-10-24T10:04:12.610Z] platform linux -- Python 3.6.15, pytest-6.2.5, py-1.11.0, pluggy-1.0.0 -- /usr/local/bin/python
[2025-10-24T10:04:12.610Z] cachedir: .pytest_cache
[2025-10-24T10:04:12.610Z] rootdir: /app
[2025-10-24T10:04:12.860Z] collecting ... collected 19 items
[2025-10-24T10:04:12.860Z] 
[2025-10-24T10:04:12.860Z] tests/rest/api_test_local.py::TestApiLocal::test_api_add PASSED          [  5%]
[2025-10-24T10:04:12.860Z] tests/rest/api_test_local.py::TestApiLocal::test_api_add_invalid_parameter PASSED [ 10%]
[2025-10-24T10:04:12.860Z] tests/rest/api_test_local.py::TestApiLocal::test_api_divide PASSED       [ 15%]
[2025-10-24T10:04:12.860Z] tests/rest/api_test_local.py::TestApiLocal::test_api_divide_by_zero PASSED [ 21%]
[2025-10-24T10:04:12.860Z] tests/rest/api_test_local.py::TestApiLocal::test_api_divide_invalid_parameter PASSED [ 26%]
[2025-10-24T10:04:12.860Z] tests/rest/api_test_local.py::TestApiLocal::test_api_hello PASSED        [ 31%]
[2025-10-24T10:04:12.860Z] tests/rest/api_test_local.py::TestApiLocal::test_api_log10 PASSED        [ 36%]
[2025-10-24T10:04:12.860Z] tests/rest/api_test_local.py::TestApiLocal::test_api_log10_invalid_parameter PASSED [ 42%]
[2025-10-24T10:04:12.860Z] tests/rest/api_test_local.py::TestApiLocal::test_api_log10_negative_number PASSED [ 47%]
[2025-10-24T10:04:12.860Z] tests/rest/api_test_local.py::TestApiLocal::test_api_log10_zero PASSED   [ 52%]
[2025-10-24T10:04:12.860Z] tests/rest/api_test_local.py::TestApiLocal::test_api_multiply PASSED     [ 57%]
[2025-10-24T10:04:12.860Z] tests/rest/api_test_local.py::TestApiLocal::test_api_multiply_invalid_parameter PASSED [ 63%]
[2025-10-24T10:04:12.860Z] tests/rest/api_test_local.py::TestApiLocal::test_api_power PASSED        [ 68%]
[2025-10-24T10:04:12.860Z] tests/rest/api_test_local.py::TestApiLocal::test_api_power_invalid_parameter PASSED [ 73%]
[2025-10-24T10:04:12.860Z] tests/rest/api_test_local.py::TestApiLocal::test_api_sqrt PASSED         [ 78%]
[2025-10-24T10:04:12.860Z] tests/rest/api_test_local.py::TestApiLocal::test_api_sqrt_invalid_parameter PASSED [ 84%]
[2025-10-24T10:04:12.860Z] tests/rest/api_test_local.py::TestApiLocal::test_api_sqrt_negative_number PASSED [ 89%]
[2025-10-24T10:04:12.860Z] tests/rest/api_test_local.py::TestApiLocal::test_api_substract PASSED    [ 94%]
[2025-10-24T10:04:12.860Z] tests/rest/api_test_local.py::TestApiLocal::test_api_substract_invalid_parameter PASSED [100%]
[2025-10-24T10:04:12.860Z] 
[2025-10-24T10:04:12.860Z] =============================== warnings summary ===============================
[2025-10-24T10:04:12.860Z] tests/rest/api_test_local.py:9
[2025-10-24T10:04:12.860Z]   /app/tests/rest/api_test_local.py:9: PytestUnknownMarkWarning: Unknown pytest.mark.api - is this a typo?  You can register custom marks to avoid this warning - for details, see https://docs.pytest.org/en/stable/mark.html
[2025-10-24T10:04:12.860Z]     @pytest.mark.api
[2025-10-24T10:04:12.860Z] 
[2025-10-24T10:04:12.860Z] -- Docs: https://docs.pytest.org/en/stable/warnings.html
[2025-10-24T10:04:12.860Z] - generated xml file: /app/tests-reports/test-results-api-20251024_100412.xml --
[2025-10-24T10:04:12.860Z] ======================== 19 passed, 1 warning in 0.20s =========================
[2025-10-24T10:04:13.111Z] [0;31mâœ—[0m Error al generar reporte
[Pipeline] script
[Pipeline] {
[Pipeline] echo
[2025-10-24T10:04:13.160Z] âœ“ Pruebas de API completadas
[Pipeline] }
[Pipeline] // script
Post stage
[Pipeline] junit
[2025-10-24T10:04:13.211Z] Recording test results
[Pipeline] }
[Pipeline] // stage
[Pipeline] stage
[Pipeline] { (ğŸš€ Test E2E)
[Pipeline] script
[Pipeline] {
[Pipeline] echo
[2025-10-24T10:04:13.290Z] â•â•â•â•â•â•â•â•â•â•â•â•â•â•â•â•â•â•â•â•â•â•â•â•â•â•â•â•â•â•â•â•â•â•â•â•â•â•â•â•â•â•â•â•â•â•â•â•â•â•â•â•â•â•â•â•
[Pipeline] echo
[2025-10-24T10:04:13.294Z] â•‘  EJECUTANDO PRUEBAS END-TO-END
[Pipeline] echo
[2025-10-24T10:04:13.298Z] â•â•â•â•â•â•â•â•â•â•â•â•â•â•â•â•â•â•â•â•â•â•â•â•â•â•â•â•â•â•â•â•â•â•â•â•â•â•â•â•â•â•â•â•â•â•â•â•â•â•â•â•â•â•â•â•
[Pipeline] }
[Pipeline] // script
[Pipeline] sh
[2025-10-24T10:04:13.571Z] + make test-e2e
[2025-10-24T10:04:13.571Z] [0;34mâ†’[0m Configurando directorios...
[2025-10-24T10:04:13.571Z] [0;32mâœ“[0m Directorio de reportes creado
[2025-10-24T10:04:13.571Z] 
[2025-10-24T10:04:13.571Z] [0;34mâ•”â•â•â•â•â•â•â•â•â•â•â•â•â•â•â•â•â•â•â•â•â•â•â•â•â•â•â•â•â•â•â•â•â•â•â•â•â•â•â•â•â•â•â•â•â•â•â•â•â•â•â•â•â•â•â•â•â•â•â•â•â•—[0m
[2025-10-24T10:04:13.571Z] [0;34mâ•‘[0m EJECUTANDO PRUEBAS E2E (End-to-End)
[2025-10-24T10:04:13.571Z] [0;34mâ•šâ•â•â•â•â•â•â•â•â•â•â•â•â•â•â•â•â•â•â•â•â•â•â•â•â•â•â•â•â•â•â•â•â•â•â•â•â•â•â•â•â•â•â•â•â•â•â•â•â•â•â•â•â•â•â•â•â•â•â•â•â•[0m
[2025-10-24T10:04:13.571Z] 
[2025-10-24T10:04:13.571Z] [1;33mâ†’[0m Limpiando contenedores previos...
[2025-10-24T10:04:13.571Z] [1;33mâ†’[0m Iniciando servicios necesarios con docker-compose...
[2025-10-24T10:04:13.571Z] time="2025-10-24T10:04:13Z" level=warning msg="/var/jenkins_home/workspace/calculadora/docker-compose.yml: the attribute `version` is obsolete, it will be ignored, please remove it to avoid potential confusion"
[2025-10-24T10:04:13.571Z]  Container calc-api  Creating
[2025-10-24T10:04:13.822Z]  Container calc-api  Created
[2025-10-24T10:04:13.822Z]  Container calc-web  Creating
[2025-10-24T10:04:13.822Z]  Container calc-web  Created
[2025-10-24T10:04:13.822Z]  Container calc-api  Starting
[2025-10-24T10:04:13.822Z]  Container calc-api  Started
[2025-10-24T10:04:13.822Z]  Container calc-web  Starting
[2025-10-24T10:04:14.072Z]  Container calc-web  Started
[2025-10-24T10:04:14.072Z] [0;32mâœ“[0m Servicios iniciados correctamente
[2025-10-24T10:04:14.072Z] [1;33mâ†’[0m Esperando 10 segundos para que los servicios se inicialicen...
[2025-10-24T10:04:26.171Z] [1;33mâ†’[0m Ejecutando pruebas e2e con Cypress...
[2025-10-24T10:04:26.171Z] time="2025-10-24T10:04:24Z" level=warning msg="/var/jenkins_home/workspace/calculadora/docker-compose.yml: the attribute `version` is obsolete, it will be ignored, please remove it to avoid potential confusion"
[2025-10-24T10:04:26.171Z]  Container calc-api  Running
[2025-10-24T10:04:26.171Z]  Container calc-web  Running
[2025-10-24T10:04:26.171Z] [10:04:24]  Verifying Cypress can run /root/.cache/Cypress/15.5.0/Cypress [started]
[2025-10-24T10:04:26.171Z] [10:04:25]  Verifying Cypress can run /root/.cache/Cypress/15.5.0/Cypress [COMPLETED]
[2025-10-24T10:04:26.421Z] 
[2025-10-24T10:04:26.421Z] DevTools listening on ws://127.0.0.1:32849/devtools/browser/8b8ad7a3-5743-46cb-a7b2-1f19635875ad
[2025-10-24T10:04:27.765Z] Couldn't determine Mocha version
[2025-10-24T10:04:27.765Z] 
[2025-10-24T10:04:28.015Z] [90m====================================================================================================[39m
[2025-10-24T10:04:28.015Z] 
[2025-10-24T10:04:28.015Z] [0m  ([4m[1mRun Starting[22m[24m)[0m
[2025-10-24T10:04:28.015Z] 
[2025-10-24T10:04:28.015Z] [90m  â”Œ[39m[90mâ”€[39m[90mâ”€[39m[90mâ”€[39m[90mâ”€[39m[90mâ”€[39m[90mâ”€[39m[90mâ”€[39m[90mâ”€[39m[90mâ”€[39m[90mâ”€[39m[90mâ”€[39m[90mâ”€[39m[90mâ”€[39m[90mâ”€[39m[90mâ”€[39m[90mâ”€[39m[90mâ”€[39m[90mâ”€[39m[90mâ”€[39m[90mâ”€[39m[90mâ”€[39m[90mâ”€[39m[90mâ”€[39m[90mâ”€[39m[90mâ”€[39m[90mâ”€[39m[90mâ”€[39m[90mâ”€[39m[90mâ”€[39m[90mâ”€[39m[90mâ”€[39m[90mâ”€[39m[90mâ”€[39m[90mâ”€[39m[90mâ”€[39m[90mâ”€[39m[90mâ”€[39m[90mâ”€[39m[90mâ”€[39m[90mâ”€[39m[90mâ”€[39m[90mâ”€[39m[90mâ”€[39m[90mâ”€[39m[90mâ”€[39m[90mâ”€[39m[90mâ”€[39m[90mâ”€[39m[90mâ”€[39m[90mâ”€[39m[90mâ”€[39m[90mâ”€[39m[90mâ”€[39m[90mâ”€[39m[90mâ”€[39m[90mâ”€[39m[90mâ”€[39m[90mâ”€[39m[90mâ”€[39m[90mâ”€[39m[90mâ”€[39m[90mâ”€[39m[90mâ”€[39m[90mâ”€[39m[90mâ”€[39m[90mâ”€[39m[90mâ”€[39m[90mâ”€[39m[90mâ”€[39m[90mâ”€[39m[90mâ”€[39m[90mâ”€[39m[90mâ”€[39m[90mâ”€[39m[90mâ”€[39m[90mâ”€[39m[90mâ”€[39m[90mâ”€[39m[90mâ”€[39m[90mâ”€[39m[90mâ”€[39m[90mâ”€[39m[90mâ”€[39m[90mâ”€[39m[90mâ”€[39m[90mâ”€[39m[90mâ”€[39m[90mâ”€[39m[90mâ”€[39m[90mâ”€[39m[90mâ”€[39m[90mâ”€[39m[90mâ”€[39m[90mâ”€[39m[90mâ”€[39m[90mâ”€[39m[90mâ”[39m
[2025-10-24T10:04:28.015Z] [90m  â”‚[39m [90mCypress:[39m        15.5.0                                                                         [90mâ”‚[39m
[2025-10-24T10:04:28.015Z] [90m  â”‚[39m [90mBrowser:[39m        Electron 138 [90m(headless)[39m                                                        [90mâ”‚[39m
[2025-10-24T10:04:28.015Z] [90m  â”‚[39m [90mNode Version:[39m   [0mv22.21.0 [90m(/usr/local/bin/node)[39m[0m                                                 [90mâ”‚[39m
[2025-10-24T10:04:28.015Z] [90m  â”‚[39m [90mSpecs:[39m          [0m1 found (calc.spec.js)[0m                                                         [90mâ”‚[39m
[2025-10-24T10:04:28.015Z] [90m  â”‚[39m [90mSearched:[39m       [0mcypress/integration/**/*.js[0m                                                    [90mâ”‚[39m
[2025-10-24T10:04:28.015Z] [90m  â””[39m[90mâ”€[39m[90mâ”€[39m[90mâ”€[39m[90mâ”€[39m[90mâ”€[39m[90mâ”€[39m[90mâ”€[39m[90mâ”€[39m[90mâ”€[39m[90mâ”€[39m[90mâ”€[39m[90mâ”€[39m[90mâ”€[39m[90mâ”€[39m[90mâ”€[39m[90mâ”€[39m[90mâ”€[39m[90mâ”€[39m[90mâ”€[39m[90mâ”€[39m[90mâ”€[39m[90mâ”€[39m[90mâ”€[39m[90mâ”€[39m[90mâ”€[39m[90mâ”€[39m[90mâ”€[39m[90mâ”€[39m[90mâ”€[39m[90mâ”€[39m[90mâ”€[39m[90mâ”€[39m[90mâ”€[39m[90mâ”€[39m[90mâ”€[39m[90mâ”€[39m[90mâ”€[39m[90mâ”€[39m[90mâ”€[39m[90mâ”€[39m[90mâ”€[39m[90mâ”€[39m[90mâ”€[39m[90mâ”€[39m[90mâ”€[39m[90mâ”€[39m[90mâ”€[39m[90mâ”€[39m[90mâ”€[39m[90mâ”€[39m[90mâ”€[39m[90mâ”€[39m[90mâ”€[39m[90mâ”€[39m[90mâ”€[39m[90mâ”€[39m[90mâ”€[39m[90mâ”€[39m[90mâ”€[39m[90mâ”€[39m[90mâ”€[39m[90mâ”€[39m[90mâ”€[39m[90mâ”€[39m[90mâ”€[39m[90mâ”€[39m[90mâ”€[39m[90mâ”€[39m[90mâ”€[39m[90mâ”€[39m[90mâ”€[39m[90mâ”€[39m[90mâ”€[39m[90mâ”€[39m[90mâ”€[39m[90mâ”€[39m[90mâ”€[39m[90mâ”€[39m[90mâ”€[39m[90mâ”€[39m[90mâ”€[39m[90mâ”€[39m[90mâ”€[39m[90mâ”€[39m[90mâ”€[39m[90mâ”€[39m[90mâ”€[39m[90mâ”€[39m[90mâ”€[39m[90mâ”€[39m[90mâ”€[39m[90mâ”€[39m[90mâ”€[39m[90mâ”€[39m[90mâ”€[39m[90mâ”€[39m[90mâ”˜[39m
[2025-10-24T10:04:28.015Z] 
[2025-10-24T10:04:28.015Z] 
[2025-10-24T10:04:28.015Z] [90mâ”€[39m[90mâ”€[39m[90mâ”€[39m[90mâ”€[39m[90mâ”€[39m[90mâ”€[39m[90mâ”€[39m[90mâ”€[39m[90mâ”€[39m[90mâ”€[39m[90mâ”€[39m[90mâ”€[39m[90mâ”€[39m[90mâ”€[39m[90mâ”€[39m[90mâ”€[39m[90mâ”€[39m[90mâ”€[39m[90mâ”€[39m[90mâ”€[39m[90mâ”€[39m[90mâ”€[39m[90mâ”€[39m[90mâ”€[39m[90mâ”€[39m[90mâ”€[39m[90mâ”€[39m[90mâ”€[39m[90mâ”€[39m[90mâ”€[39m[90mâ”€[39m[90mâ”€[39m[90mâ”€[39m[90mâ”€[39m[90mâ”€[39m[90mâ”€[39m[90mâ”€[39m[90mâ”€[39m[90mâ”€[39m[90mâ”€[39m[90mâ”€[39m[90mâ”€[39m[90mâ”€[39m[90mâ”€[39m[90mâ”€[39m[90mâ”€[39m[90mâ”€[39m[90mâ”€[39m[90mâ”€[39m[90mâ”€[39m[90mâ”€[39m[90mâ”€[39m[90mâ”€[39m[90mâ”€[39m[90mâ”€[39m[90mâ”€[39m[90mâ”€[39m[90mâ”€[39m[90mâ”€[39m[90mâ”€[39m[90mâ”€[39m[90mâ”€[39m[90mâ”€[39m[90mâ”€[39m[90mâ”€[39m[90mâ”€[39m[90mâ”€[39m[90mâ”€[39m[90mâ”€[39m[90mâ”€[39m[90mâ”€[39m[90mâ”€[39m[90mâ”€[39m[90mâ”€[39m[90mâ”€[39m[90mâ”€[39m[90mâ”€[39m[90mâ”€[39m[90mâ”€[39m[90mâ”€[39m[90mâ”€[39m[90mâ”€[39m[90mâ”€[39m[90mâ”€[39m[90mâ”€[39m[90mâ”€[39m[90mâ”€[39m[90mâ”€[39m[90mâ”€[39m[90mâ”€[39m[90mâ”€[39m[90mâ”€[39m[90mâ”€[39m[90mâ”€[39m[90mâ”€[39m[90mâ”€[39m[90mâ”€[39m[90mâ”€[39m[90mâ”€[39m[90mâ”€[39m
[2025-10-24T10:04:28.015Z]                                                                                                     
[2025-10-24T10:04:28.015Z]   Running:  [90mcalc.spec.js[39m                                                                    [90m(1 of 1)[39m
[2025-10-24T10:04:54.418Z] 
[2025-10-24T10:04:54.418Z] [31m  ([4m[1mResults[22m[24m)[39m
[2025-10-24T10:04:54.418Z] 
[2025-10-24T10:04:54.418Z] [90m  â”Œ[39m[90mâ”€[39m[90mâ”€[39m[90mâ”€[39m[90mâ”€[39m[90mâ”€[39m[90mâ”€[39m[90mâ”€[39m[90mâ”€[39m[90mâ”€[39m[90mâ”€[39m[90mâ”€[39m[90mâ”€[39m[90mâ”€[39m[90mâ”€[39m[90mâ”€[39m[90mâ”€[39m[90mâ”€[39m[90mâ”€[39m[90mâ”€[39m[90mâ”€[39m[90mâ”€[39m[90mâ”€[39m[90mâ”€[39m[90mâ”€[39m[90mâ”€[39m[90mâ”€[39m[90mâ”€[39m[90mâ”€[39m[90mâ”€[39m[90mâ”€[39m[90mâ”€[39m[90mâ”€[39m[90mâ”€[39m[90mâ”€[39m[90mâ”€[39m[90mâ”€[39m[90mâ”€[39m[90mâ”€[39m[90mâ”€[39m[90mâ”€[39m[90mâ”€[39m[90mâ”€[39m[90mâ”€[39m[90mâ”€[39m[90mâ”€[39m[90mâ”€[39m[90mâ”€[39m[90mâ”€[39m[90mâ”€[39m[90mâ”€[39m[90mâ”€[39m[90mâ”€[39m[90mâ”€[39m[90mâ”€[39m[90mâ”€[39m[90mâ”€[39m[90mâ”€[39m[90mâ”€[39m[90mâ”€[39m[90mâ”€[39m[90mâ”€[39m[90mâ”€[39m[90mâ”€[39m[90mâ”€[39m[90mâ”€[39m[90mâ”€[39m[90mâ”€[39m[90mâ”€[39m[90mâ”€[39m[90mâ”€[39m[90mâ”€[39m[90mâ”€[39m[90mâ”€[39m[90mâ”€[39m[90mâ”€[39m[90mâ”€[39m[90mâ”€[39m[90mâ”€[39m[90mâ”€[39m[90mâ”€[39m[90mâ”€[39m[90mâ”€[39m[90mâ”€[39m[90mâ”€[39m[90mâ”€[39m[90mâ”€[39m[90mâ”€[39m[90mâ”€[39m[90mâ”€[39m[90mâ”€[39m[90mâ”€[39m[90mâ”€[39m[90mâ”€[39m[90mâ”€[39m[90mâ”€[39m[90mâ”€[39m[90mâ”[39m
[2025-10-24T10:04:54.418Z] [90m  â”‚[39m [90mTests:[39m        [31m18[39m                                                                               [90mâ”‚[39m
[2025-10-24T10:04:54.418Z] [90m  â”‚[39m [90mPassing:[39m      [31m8[39m                                                                                [90mâ”‚[39m
[2025-10-24T10:04:54.418Z] [90m  â”‚[39m [90mFailing:[39m      [31m10[39m                                                                               [90mâ”‚[39m
[2025-10-24T10:04:54.418Z] [90m  â”‚[39m [90mPending:[39m      [31m0[39m                                                                                [90mâ”‚[39m
[2025-10-24T10:04:54.418Z] [90m  â”‚[39m [90mSkipped:[39m      [31m0[39m                                                                                [90mâ”‚[39m
[2025-10-24T10:04:54.418Z] [90m  â”‚[39m [90mScreenshots:[39m  [31m16[39m                                                                               [90mâ”‚[39m
[2025-10-24T10:04:54.418Z] [90m  â”‚[39m [90mVideo:[39m        [31mfalse[39m                                                                            [90mâ”‚[39m
[2025-10-24T10:04:54.418Z] [90m  â”‚[39m [90mDuration:[39m     [31m20 seconds[39m                                                                       [90mâ”‚[39m
[2025-10-24T10:04:54.418Z] [90m  â”‚[39m [90mSpec Ran:[39m     [31m[31mcalc.spec.js[31m[39m                                                                     [90mâ”‚[39m
[2025-10-24T10:04:54.418Z] [90m  â””[39m[90mâ”€[39m[90mâ”€[39m[90mâ”€[39m[90mâ”€[39m[90mâ”€[39m[90mâ”€[39m[90mâ”€[39m[90mâ”€[39m[90mâ”€[39m[90mâ”€[39m[90mâ”€[39m[90mâ”€[39m[90mâ”€[39m[90mâ”€[39m[90mâ”€[39m[90mâ”€[39m[90mâ”€[39m[90mâ”€[39m[90mâ”€[39m[90mâ”€[39m[90mâ”€[39m[90mâ”€[39m[90mâ”€[39m[90mâ”€[39m[90mâ”€[39m[90mâ”€[39m[90mâ”€[39m[90mâ”€[39m[90mâ”€[39m[90mâ”€[39m[90mâ”€[39m[90mâ”€[39m[90mâ”€[39m[90mâ”€[39m[90mâ”€[39m[90mâ”€[39m[90mâ”€[39m[90mâ”€[39m[90mâ”€[39m[90mâ”€[39m[90mâ”€[39m[90mâ”€[39m[90mâ”€[39m[90mâ”€[39m[90mâ”€[39m[90mâ”€[39m[90mâ”€[39m[90mâ”€[39m[90mâ”€[39m[90mâ”€[39m[90mâ”€[39m[90mâ”€[39m[90mâ”€[39m[90mâ”€[39m[90mâ”€[39m[90mâ”€[39m[90mâ”€[39m[90mâ”€[39m[90mâ”€[39m[90mâ”€[39m[90mâ”€[39m[90mâ”€[39m[90mâ”€[39m[90mâ”€[39m[90mâ”€[39m[90mâ”€[39m[90mâ”€[39m[90mâ”€[39m[90mâ”€[39m[90mâ”€[39m[90mâ”€[39m[90mâ”€[39m[90mâ”€[39m[90mâ”€[39m[90mâ”€[39m[90mâ”€[39m[90mâ”€[39m[90mâ”€[39m[90mâ”€[39m[90mâ”€[39m[90mâ”€[39m[90mâ”€[39m[90mâ”€[39m[90mâ”€[39m[90mâ”€[39m[90mâ”€[39m[90mâ”€[39m[90mâ”€[39m[90mâ”€[39m[90mâ”€[39m[90mâ”€[39m[90mâ”€[39m[90mâ”€[39m[90mâ”€[39m[90mâ”€[39m[90mâ”€[39m[90mâ”˜[39m
[2025-10-24T10:04:54.418Z] 
[2025-10-24T10:04:54.418Z] 
[2025-10-24T10:04:54.418Z] [33m  ([4m[1mScreenshots[22m[24m)[39m
[2025-10-24T10:04:54.418Z] 
[2025-10-24T10:04:54.418Z] [90m [39m -  [0m/e2e/cypress/screenshots/calc.spec.js/Calc -- can click add.png[0m                      [90m[90m(1000x858)[90m[39m
[2025-10-24T10:04:54.418Z] [90m [39m -  [0m/e2e/cypress/screenshots/calc.spec.js/Calc -- can click multiply.png[0m                 [90m[90m(1000x858)[90m[39m
[2025-10-24T10:04:54.418Z] [90m [39m -  [0m/e2e/cypress/screenshots/calc.spec.js/Calc -- can click substract (using fixture[0m     [90m[90m(1280x720)[90m[39m
[2025-10-24T10:04:54.418Z] [90m [39m    [0m) (failed).png[0m                                                                                 
[2025-10-24T10:04:54.418Z] [90m [39m -  [0m/e2e/cypress/screenshots/calc.spec.js/Calc -- increases the history log (failed)[0m     [90m[90m(1280x720)[90m[39m
[2025-10-24T10:04:54.418Z] [90m [39m    [0m.png[0m                                                                                           
[2025-10-24T10:04:54.418Z] [90m [39m -  [0m/e2e/cypress/screenshots/calc.spec.js/Calc -- can click divide (failed).png[0m          [90m[90m(1280x720)[90m[39m
[2025-10-24T10:04:54.418Z] [90m [39m -  [0m/e2e/cypress/screenshots/calc.spec.js/Calc -- can click divide with decimals.png[0m     [90m[90m(1000x858)[90m[39m
[2025-10-24T10:04:54.418Z] [90m [39m -  [0m/e2e/cypress/screenshots/calc.spec.js/Calc -- handles division by zero (failed).[0m     [90m[90m(1280x720)[90m[39m
[2025-10-24T10:04:54.418Z] [90m [39m    [0mpng[0m                                                                                            
[2025-10-24T10:04:54.418Z] [90m [39m -  [0m/e2e/cypress/screenshots/calc.spec.js/Calc -- can click power.png[0m                    [90m[90m(1000x858)[90m[39m
[2025-10-24T10:04:54.419Z] [90m [39m -  [0m/e2e/cypress/screenshots/calc.spec.js/Calc -- can click power with negative expo[0m     [90m[90m(1000x858)[90m[39m
[2025-10-24T10:04:54.419Z] [90m [39m    [0mnent.png[0m                                                                                       
[2025-10-24T10:04:54.419Z] [90m [39m -  [0m/e2e/cypress/screenshots/calc.spec.js/Calc -- can click square root (failed).png[0m     [90m[90m(1280x720)[90m[39m
[2025-10-24T10:04:54.419Z] [90m [39m -  [0m/e2e/cypress/screenshots/calc.spec.js/Calc -- can click square root of decimal.p[0m     [90m[90m(1000x858)[90m[39m
[2025-10-24T10:04:54.419Z] [90m [39m    [0mng[0m                                                                                             
[2025-10-24T10:04:54.419Z] [90m [39m -  [0m/e2e/cypress/screenshots/calc.spec.js/Calc -- handles square root of negative nu[0m     [90m[90m(1280x720)[90m[39m
[2025-10-24T10:04:54.419Z] [90m [39m    [0mmber (failed).png[0m                                                                              
[2025-10-24T10:04:54.419Z] [90m [39m -  [0m/e2e/cypress/screenshots/calc.spec.js/Calc -- can click log10 (failed).png[0m           [90m[90m(1280x720)[90m[39m
[2025-10-24T10:04:54.419Z] [90m [39m -  [0m/e2e/cypress/screenshots/calc.spec.js/Calc -- can click log10 of 1000 (failed).p[0m     [90m[90m(1280x720)[90m[39m
[2025-10-24T10:04:54.419Z] [90m [39m    [0mng[0m                                                                                             
[2025-10-24T10:04:54.419Z] [90m [39m -  [0m/e2e/cypress/screenshots/calc.spec.js/Calc -- handles log10 of zero (failed).png[0m     [90m[90m(1280x720)[90m[39m
[2025-10-24T10:04:54.419Z] [90m [39m -  [0m/e2e/cypress/screenshots/calc.spec.js/Calc -- handles log10 of negative number ([0m     [90m[90m(1280x720)[90m[39m
[2025-10-24T10:04:54.419Z] [90m [39m    [0mfailed).png[0m                                                                                    
[2025-10-24T10:04:54.419Z] 
[2025-10-24T10:04:54.419Z] 
[2025-10-24T10:04:54.419Z] [90m====================================================================================================[39m
[2025-10-24T10:04:54.419Z] 
[2025-10-24T10:04:54.419Z] [0m  ([4m[1mRun Finished[22m[24m)[0m
[2025-10-24T10:04:54.419Z] 
[2025-10-24T10:04:54.419Z] 
[2025-10-24T10:04:54.419Z] [90m   [39m    [90mSpec[39m                                              [90mTests[39m  [90mPassing[39m  [90mFailing[39m  [90mPending[39m  [90mSkipped[39m [90m [39m
[2025-10-24T10:04:54.419Z] [90m  â”Œ[39m[90mâ”€[39m[90mâ”€[39m[90mâ”€[39m[90mâ”€[39m[90mâ”€[39m[90mâ”€[39m[90mâ”€[39m[90mâ”€[39m[90mâ”€[39m[90mâ”€[39m[90mâ”€[39m[90mâ”€[39m[90mâ”€[39m[90mâ”€[39m[90mâ”€[39m[90mâ”€[39m[90mâ”€[39m[90mâ”€[39m[90mâ”€[39m[90mâ”€[39m[90mâ”€[39m[90mâ”€[39m[90mâ”€[39m[90mâ”€[39m[90mâ”€[39m[90mâ”€[39m[90mâ”€[39m[90mâ”€[39m[90mâ”€[39m[90mâ”€[39m[90mâ”€[39m[90mâ”€[39m[90mâ”€[39m[90mâ”€[39m[90mâ”€[39m[90mâ”€[39m[90mâ”€[39m[90mâ”€[39m[90mâ”€[39m[90mâ”€[39m[90mâ”€[39m[90mâ”€[39m[90mâ”€[39m[90mâ”€[39m[90mâ”€[39m[90mâ”€[39m[90mâ”€[39m[90mâ”€[39m[90mâ”€[39m[90mâ”€[39m[90mâ”€[39m[90mâ”€[39m[90mâ”€[39m[90mâ”€[39m[90mâ”€[39m[90mâ”€[39m[90mâ”€[39m[90mâ”€[39m[90mâ”€[39m[90mâ”€[39m[90mâ”€[39m[90mâ”€[39m[90mâ”€[39m[90mâ”€[39m[90mâ”€[39m[90mâ”€[39m[90mâ”€[39m[90mâ”€[39m[90mâ”€[39m[90mâ”€[39m[90mâ”€[39m[90mâ”€[39m[90mâ”€[39m[90mâ”€[39m[90mâ”€[39m[90mâ”€[39m[90mâ”€[39m[90mâ”€[39m[90mâ”€[39m[90mâ”€[39m[90mâ”€[39m[90mâ”€[39m[90mâ”€[39m[90mâ”€[39m[90mâ”€[39m[90mâ”€[39m[90mâ”€[39m[90mâ”€[39m[90mâ”€[39m[90mâ”€[39m[90mâ”€[39m[90mâ”€[39m[90mâ”€[39m[90mâ”€[39m[90mâ”€[39m[90mâ”€[39m[90mâ”[39m
[2025-10-24T10:04:54.419Z] [90m  â”‚[39m [31mâœ–[39m  [0mcalc.spec.js[0m                             [90m00:20[39m       [0m18[0m        [32m8[39m       [31m10[39m        [90m-[39m        [90m-[39m [90mâ”‚[39m
[2025-10-24T10:04:54.419Z] [90m  â””[39m[90mâ”€[39m[90mâ”€[39m[90mâ”€[39m[90mâ”€[39m[90mâ”€[39m[90mâ”€[39m[90mâ”€[39m[90mâ”€[39m[90mâ”€[39m[90mâ”€[39m[90mâ”€[39m[90mâ”€[39m[90mâ”€[39m[90mâ”€[39m[90mâ”€[39m[90mâ”€[39m[90mâ”€[39m[90mâ”€[39m[90mâ”€[39m[90mâ”€[39m[90mâ”€[39m[90mâ”€[39m[90mâ”€[39m[90mâ”€[39m[90mâ”€[39m[90mâ”€[39m[90mâ”€[39m[90mâ”€[39m[90mâ”€[39m[90mâ”€[39m[90mâ”€[39m[90mâ”€[39m[90mâ”€[39m[90mâ”€[39m[90mâ”€[39m[90mâ”€[39m[90mâ”€[39m[90mâ”€[39m[90mâ”€[39m[90mâ”€[39m[90mâ”€[39m[90mâ”€[39m[90mâ”€[39m[90mâ”€[39m[90mâ”€[39m[90mâ”€[39m[90mâ”€[39m[90mâ”€[39m[90mâ”€[39m[90mâ”€[39m[90mâ”€[39m[90mâ”€[39m[90mâ”€[39m[90mâ”€[39m[90mâ”€[39m[90mâ”€[39m[90mâ”€[39m[90mâ”€[39m[90mâ”€[39m[90mâ”€[39m[90mâ”€[39m[90mâ”€[39m[90mâ”€[39m[90mâ”€[39m[90mâ”€[39m[90mâ”€[39m[90mâ”€[39m[90mâ”€[39m[90mâ”€[39m[90mâ”€[39m[90mâ”€[39m[90mâ”€[39m[90mâ”€[39m[90mâ”€[39m[90mâ”€[39m[90mâ”€[39m[90mâ”€[39m[90mâ”€[39m[90mâ”€[39m[90mâ”€[39m[90mâ”€[39m[90mâ”€[39m[90mâ”€[39m[90mâ”€[39m[90mâ”€[39m[90mâ”€[39m[90mâ”€[39m[90mâ”€[39m[90mâ”€[39m[90mâ”€[39m[90mâ”€[39m[90mâ”€[39m[90mâ”€[39m[90mâ”€[39m[90mâ”€[39m[90mâ”€[39m[90mâ”˜[39m
[2025-10-24T10:04:54.419Z] [90m   [39m [31mâœ–[39m  [31m1 of 1 failed (100%)[39m                     [90m00:20[39m       [0m18[0m        [32m8[39m       [31m10[39m        [90m-[39m        [90m-[39m [90m [39m
[2025-10-24T10:04:54.419Z] 
[2025-10-24T10:04:54.419Z] [90m----------------------------------------------------------------------------------------------------[39m
[2025-10-24T10:04:54.419Z] 
[2025-10-24T10:04:54.419Z]   Debug faster with full visibility.
[2025-10-24T10:04:54.419Z] 
[2025-10-24T10:04:54.419Z]   Record to Cypress Cloud and get instant access to full test details and replays.
[2025-10-24T10:04:54.419Z]   Inspect the DOM, network events, and console logs exactly as they ran in CI.
[2025-10-24T10:04:54.419Z] 
[2025-10-24T10:04:54.419Z]   >> [36mhttps://on.cypress.io/cloud-get-started[39m
[2025-10-24T10:04:54.419Z] 
[2025-10-24T10:04:54.419Z] [90m----------------------------------------------------------------------------------------------------[39m
[2025-10-24T10:04:54.419Z] 
[2025-10-24T10:04:54.419Z] [1;33mâ†’[0m Deteniendo servicios de docker-compose...
[2025-10-24T10:04:54.419Z] time="2025-10-24T10:04:51Z" level=warning msg="/var/jenkins_home/workspace/calculadora/docker-compose.yml: the attribute `version` is obsolete, it will be ignored, please remove it to avoid potential confusion"
[2025-10-24T10:04:54.419Z]  Container calc-web  Stopping
[2025-10-24T10:04:54.419Z]  Container calc-web  Stopped
[2025-10-24T10:04:54.419Z]  Container calc-api  Stopping
[2025-10-24T10:04:54.419Z]  Container calc-api  Stopped
[2025-10-24T10:04:54.419Z] time="2025-10-24T10:04:51Z" level=warning msg="/var/jenkins_home/workspace/calculadora/docker-compose.yml: the attribute `version` is obsolete, it will be ignored, please remove it to avoid potential confusion"
[2025-10-24T10:04:54.419Z] Going to remove calc-web, calc-api
[2025-10-24T10:04:54.419Z]  Container calc-api  Removing
[2025-10-24T10:04:54.419Z]  Container calc-web  Removing
[2025-10-24T10:04:54.419Z]  Container calc-api  Removed
[2025-10-24T10:04:54.419Z]  Container calc-web  Removed
[2025-10-24T10:04:54.419Z] [0;32mâœ“[0m Reporte e2e copiado a: tests-reports/test-results-e2e-20251024_100413.xml
[2025-10-24T10:04:54.419Z] [0;31mâœ—[0m Se detectaron 10 pruebas E2E fallidas
[2025-10-24T10:04:54.419Z] make: *** [Makefile:86: test-e2e] Error 1
Post stage
[Pipeline] junit
[2025-10-24T10:04:54.451Z] Recording test results
[Pipeline] }
[Pipeline] // stage
[Pipeline] stage
[Pipeline] { (Declarative: Post Actions)
[Pipeline] script
[Pipeline] {
[Pipeline] echo
[2025-10-24T10:04:54.554Z] â•â•â•â•â•â•â•â•â•â•â•â•â•â•â•â•â•â•â•â•â•â•â•â•â•â•â•â•â•â•â•â•â•â•â•â•â•â•â•â•â•â•â•â•â•â•â•â•â•â•â•â•â•â•â•â•
[Pipeline] echo
[2025-10-24T10:04:54.563Z] â•‘  LIMPIEZA Y FINALIZACIÃ“N
[Pipeline] echo
[2025-10-24T10:04:54.570Z] â•â•â•â•â•â•â•â•â•â•â•â•â•â•â•â•â•â•â•â•â•â•â•â•â•â•â•â•â•â•â•â•â•â•â•â•â•â•â•â•â•â•â•â•â•â•â•â•â•â•â•â•â•â•â•â•
[Pipeline] }
[Pipeline] // script
[Pipeline] sh
[2025-10-24T10:04:54.861Z] + make docker-down
[2025-10-24T10:04:54.861Z] [1;33mâ†’[0m Deteniendo todos los contenedores...
[2025-10-24T10:04:54.861Z] time="2025-10-24T10:04:54Z" level=warning msg="/var/jenkins_home/workspace/calculadora/docker-compose.yml: the attribute `version` is obsolete, it will be ignored, please remove it to avoid potential confusion"
[2025-10-24T10:04:54.861Z]  Network calculadora_calc  Removing
[2025-10-24T10:04:55.112Z]  Network calculadora_calc  Removed
[2025-10-24T10:04:55.362Z] [0;32mâœ“[0m Contenedores detenidos
[Pipeline] archiveArtifacts
[2025-10-24T10:04:55.387Z] Archiving artifacts
[2025-10-24T10:04:55.391Z] Recording fingerprints
[Pipeline] script
[Pipeline] {
[Pipeline] echo
[2025-10-24T10:04:55.489Z] âœ“ Artefactos archivados
[Pipeline] }
[Pipeline] // script
[Pipeline] script
[Pipeline] {
[Pipeline] echo
[2025-10-24T10:04:55.539Z] 
[Pipeline] echo
[2025-10-24T10:04:55.544Z] â•”â•â•â•â•â•â•â•â•â•â•â•â•â•â•â•â•â•â•â•â•â•â•â•â•â•â•â•â•â•â•â•â•â•â•â•â•â•â•â•â•â•â•â•â•â•â•â•â•â•â•â•â•â•â•â•â•â•â•â•â•â•—
[Pipeline] echo
[2025-10-24T10:04:55.551Z] â•‘  âœ— BUILD FALLIDO - ALGUNAS PRUEBAS FALLARON               â•‘
[Pipeline] echo
[2025-10-24T10:04:55.557Z] â•šâ•â•â•â•â•â•â•â•â•â•â•â•â•â•â•â•â•â•â•â•â•â•â•â•â•â•â•â•â•â•â•â•â•â•â•â•â•â•â•â•â•â•â•â•â•â•â•â•â•â•â•â•â•â•â•â•â•â•â•â•â•
[Pipeline] echo
[2025-10-24T10:04:55.564Z] 
[Pipeline] echo
[2025-10-24T10:04:55.570Z] ğŸ“§ INFORMACIÃ“N DEL CORREO:
[Pipeline] echo
[2025-10-24T10:04:55.582Z]    Trabajo: calculadora
[Pipeline] echo
[2025-10-24T10:04:55.590Z]    NÃºmero de ejecuciÃ³n: 1
[Pipeline] echo
[2025-10-24T10:04:55.598Z]    URL: http://localhost:8080/job/calculadora/1/
[Pipeline] }
[Pipeline] // script
[Pipeline] }
[Pipeline] // stage
[Pipeline] }
[Pipeline] // timestamps
[Pipeline] }
[Pipeline] // timeout
[Pipeline] }
[Pipeline] // withEnv
[Pipeline] }
[Pipeline] // node
[Pipeline] End of Pipeline
ERROR: script returned exit code 2
Finished: FAILURE